<?xml version="1.0" encoding="UTF-8"?>
<!-- Generated by org.testng.reporters.JUnitXMLReporter -->
<testsuite ignored="3" hostname="Salenium-07" failures="0" tests="4" name="test-1" time="60.13" errors="0" timestamp="2022-10-03T09:02:54 GMT-04:00">
  <testcase classname="com.webOrder.test.WebOrder_EditOrder" name="editOrderCustomerName" time="11.071"/>
  <testcase classname="com.webOrder.test.WebOrder_List_of_Orders" name="verify_orders" time="1.856"/>
  <testcase classname="com.webOrder.test.ListOfProducts" name="verifyAllProduct" time="2.39"/>
  <testcase classname="com.webOrder.test.Weborder_create" name="createOrder" time="4.192"/>
  <testcase classname="com.webOrder.common.WebOrder_BaseSetup" name="@BeforeTest SetUp" time="0.0">
    <ignored/>
  </testcase> <!-- @BeforeTest SetUp -->
  <testcase classname="com.webOrder.common.WebOrder_BaseSetup" name="@BeforeTest SetUp" time="0.0">
    <ignored/>
  </testcase> <!-- @BeforeTest SetUp -->
  <testcase classname="com.webOrder.common.WebOrder_BaseSetup" name="@BeforeTest SetUp" time="0.0">
    <ignored/>
  </testcase> <!-- @BeforeTest SetUp -->
</testsuite> <!-- test-1 -->
