<?xml version="1.0" encoding="UTF-8"?>
<!-- Generated by org.testng.reporters.JUnitReportReporter -->
<testsuite hostname="Salenium-07" failures="0" tests="1" name="com.webOrder.test.WebOrder_EditOrder" time="11.105" errors="0" timestamp="2022-10-03T09:02:54 GMT-04:00" skipped="0">
  <testcase classname="com.webOrder.test.WebOrder_EditOrder" name="editOrderCustomerName" time="11.105"/>
  <system-out/>
</testsuite> <!-- com.webOrder.test.WebOrder_EditOrder -->
