<?xml version="1.0" encoding="UTF-8"?>
<!-- Generated by org.testng.reporters.JUnitReportReporter -->
<testsuite hostname="Salenium-07" failures="0" tests="1" name="com.webOrder.test.Weborder_create" time="4.195" errors="0" timestamp="2022-10-03T09:02:54 GMT-04:00" skipped="0">
  <testcase classname="com.webOrder.test.Weborder_create" name="createOrder" time="4.195"/>
  <system-out/>
</testsuite> <!-- com.webOrder.test.Weborder_create -->
